<?xml version="1.0" encoding="UTF-8"?>
<!-- Generated by org.testng.reporters.JUnitReportReporter -->
<testsuite skipped="0" hostname="Toshiba-PC" name="scripts.TestValidLogin" tests="1" failures="0" timestamp="01 Nov 2018 19:57:58 GMT" time="23.417" errors="0">
  <testcase name="testValidLogin" time="23.417" classname="scripts.TestValidLogin"/>
</testsuite> <!-- scripts.TestValidLogin -->
