<?xml version="1.0" encoding="UTF-8"?>
<!-- Generated by org.testng.reporters.JUnitReportReporter -->
<testsuite skipped="0" hostname="Toshiba-PC" name="scripts.TestInvalidLogin" tests="1" failures="0" timestamp="01 Nov 2018 19:57:58 GMT" time="14.913" errors="0">
  <testcase name="testInvalidLogin" time="14.913" classname="scripts.TestInvalidLogin"/>
</testsuite> <!-- scripts.TestInvalidLogin -->
