<?xml version="1.0" encoding="UTF-8"?>
<!-- Generated by org.testng.reporters.JUnitReportReporter -->
<testsuite skipped="0" hostname="Toshiba-PC" name="scripts.TestInvalidLogin" tests="1" failures="0" timestamp="28 Oct 2018 18:05:07 GMT" time="11.602" errors="0">
  <testcase name="testInvalidLogin" time="11.602" classname="scripts.TestInvalidLogin"/>
</testsuite> <!-- scripts.TestInvalidLogin -->
