<?xml version="1.0" encoding="UTF-8"?>
<!-- Generated by org.testng.reporters.JUnitReportReporter -->
<testsuite skipped="0" hostname="Toshiba-PC" name="scripts.TestValidLogin" tests="1" failures="0" timestamp="28 Oct 2018 18:05:07 GMT" time="21.663" errors="0">
  <testcase name="testValidLogin" time="21.663" classname="scripts.TestValidLogin"/>
</testsuite> <!-- scripts.TestValidLogin -->
